#
# A fatal error has been detected by the Java Runtime Environment:
#
#  EXCEPTION_ACCESS_VIOLATION (0xc0000005) at pc=0x00007ff8f2b08ac1, pid=9288, tid=4560
#
# JRE version: OpenJDK Runtime Environment (11.0.5+10) (build 11.0.5+10-LTS)
# Java VM: OpenJDK 64-Bit Server VM (11.0.5+10-LTS, mixed mode, tiered, compressed oops, g1 gc, windows-amd64)
# Problematic frame:
# V  [jvm.dll+0x188ac1]
#
# No core dump will be written. Minidumps are not enabled by default on client versions of Windows
#
# If you would like to submit a bug report, please visit:
#   http://bugreport.java.com/bugreport/crash.jsp
#

---------------  S U M M A R Y ------------

Command Line: C:\Users\AYUSHS~1\AppData\Local\Temp\surefire11589015823677045298\surefirebooter794539669412916445.jar C:\Users\ayushsingh02\AppData\Local\Temp\surefire11589015823677045298 2022-06-20T21-47-35_103-jvmRun1 surefire9407950204755708834tmp surefire_017455583056952693682tmp

Host: 11th Gen Intel(R) Core(TM) i5-1145G7 @ 2.60GHz, 8 cores, 15G,  Windows 10 , 64 bit Build 19041 (10.0.19041.1706)
Time: Mon Jun 20 21:47:37 2022 India Standard Time elapsed time: 1 seconds (0d 0h 0m 1s)

---------------  T H R E A D  ---------------

Current thread (0x000001e5be9c5000):  GCTaskThread "GC Thread#2" [stack: 0x00000078a9700000,0x00000078a9800000] [id=4560]

Stack: [0x00000078a9700000,0x00000078a9800000],  sp=0x00000078a97ff168,  free space=1020k
Native frames: (J=compiled Java code, j=interpreted, Vv=VM code, C=native code)
V  [jvm.dll+0x188ac1]


siginfo: EXCEPTION_ACCESS_VIOLATION (0xc0000005), reading address 0x000000000000c110


Register to memory mapping:

RIP=0x00007ff8f2b08ac1 jvm.dll
RAX=0x000000000000c000 is an unknown value
RBX=0x0000000711b5b514 is pointing into object: org.springframework.core.ResolvableType 
{0x0000000711b5b508} - klass: 'org/springframework/core/ResolvableType'
RCX=0x0000000800000000 is pointing into metadata
RDX=0x0000000716ae4170 is pointing into object: [Ljava.lang.Object; 
{0x0000000716ae4160} - klass: 'java/lang/Object'[]
 - length: 3
RSP=0x00000078a97ff168 points into unknown readable memory: 7e 8b c7 f2 f8 7f 00 00
RBP=0x000001e5c26fd7f0 points into unknown readable memory: 68 d1 1f f3 f8 7f 00 00
RSI=0x000001e5c26fd7f0 points into unknown readable memory: 68 d1 1f f3 f8 7f 00 00
RDI=0x0000000000000001 is an unknown value
R8 =0x0 is NULL
R9 =0x0000000800000000 is pointing into metadata
R10=0x0000000711b5b514 is pointing into object: org.springframework.core.ResolvableType 
{0x0000000711b5b508} - klass: 'org/springframework/core/ResolvableType'
R11=0x000001e5c26fd960 points into unknown readable memory: 20 d1 1f f3 f8 7f 00 00
R12=0x0 is NULL
R13=0x00007ff8f31fdd60 jvm.dll
R14=0x0000000716ae4170 is pointing into object: [Ljava.lang.Object; 
{0x0000000716ae4160} - klass: 'java/lang/Object'[]
 - length: 3
R15=3805583232 is a compressed pointer to object: java.lang.String 
{0x0000000716a4bc00} - klass: 'java/lang/String'


Registers:
RAX=0x000000000000c000, RBX=0x0000000711b5b514, RCX=0x0000000800000000, RDX=0x0000000716ae4170
RSP=0x00000078a97ff168, RBP=0x000001e5c26fd7f0, RSI=0x000001e5c26fd7f0, RDI=0x0000000000000001
R8 =0x0000000000000000, R9 =0x0000000800000000, R10=0x0000000711b5b514, R11=0x000001e5c26fd960
R12=0x0000000000000000, R13=0x00007ff8f31fdd60, R14=0x0000000716ae4170, R15=0x00000000e2d49780
RIP=0x00007ff8f2b08ac1, EFLAGS=0x0000000000010246

Top of Stack: (sp=0x00000078a97ff168)
0x00000078a97ff168:   00007ff8f2c78b7e 0000000711b5b501
0x00000078a97ff178:   000001e5c26fd7f0 0000000711b5b508
0x00000078a97ff188:   0000000000000000 00000078a97ff240
0x00000078a97ff198:   00007ff8f2f547ca 0000000100000018
0x00000078a97ff1a8:   0000000000000038 000001e5c26fd7f0
0x00000078a97ff1b8:   0000000000000040 000001e59763eae8
0x00000078a97ff1c8:   00007ff8f31fdd60 0000000000000000
0x00000078a97ff1d8:   000001e59763eae0 000000000000f000
0x00000078a97ff1e8:   00007ff8f2c774cd 0000000000000018
0x00000078a97ff1f8:   0000000711cbf000 0000000000000015
0x00000078a97ff208:   0000000711b5b514 0000000000000000
0x00000078a97ff218:   0000000711b5b515 00000078a97ff2b0
0x00000078a97ff228:   00007ff8f2c79252 000001e5bccf6578
0x00000078a97ff238:   0000000000020000 000000000000f000
0x00000078a97ff248:   0000000000000000 00007ff8f31e5330
0x00000078a97ff258:   0000000000001000 0000000000000000 

Instructions: (pc=0x00007ff8f2b08ac1)
0x00007ff8f2b089c1:   24 40 48 8b 74 24 48 48 83 c4 30 5f c3 48 8b 07
0x00007ff8f2b089d1:   48 8d 54 24 20 48 8b cf 66 0f 7f 44 24 20 ff 50
0x00007ff8f2b089e1:   38 48 8b 5c 24 40 48 8b 74 24 48 48 83 c4 30 5f
0x00007ff8f2b089f1:   c3 cc cc cc cc cc cc cc cc cc cc cc cc cc cc 48
0x00007ff8f2b08a01:   8b 49 38 48 8b 01 48 ff 60 28 cc cc cc cc cc 80
0x00007ff8f2b08a11:   3d 0a 3d 8e 00 00 48 8b c1 74 1b 8b 51 08 8b 0d
0x00007ff8f2b08a21:   33 8a 89 00 48 d3 e2 48 8b c8 48 03 15 1e 8a 89
0x00007ff8f2b08a31:   00 e9 19 00 00 00 48 8b 51 08 48 8b c8 e9 0d 00
0x00007ff8f2b08a41:   00 00 cc cc cc cc cc cc cc cc cc cc cc cc cc 4c
0x00007ff8f2b08a51:   8b ca 48 8b d1 45 8b 41 08 45 85 c0 7e 0e 41 f6
0x00007ff8f2b08a61:   c0 01 75 56 41 c1 f8 03 41 8b c0 c3 79 4c 80 3d
0x00007ff8f2b08a71:   ab 3c 8e 00 00 b8 0c 00 00 00 b9 10 00 00 00 0f
0x00007ff8f2b08a81:   45 c8 8b 05 2b bc 87 00 ff c8 4c 63 c8 48 63 14
0x00007ff8f2b08a91:   11 41 8b c8 83 e1 3f 48 d3 e2 41 8b c8 48 c1 f9
0x00007ff8f2b08aa1:   10 0f b6 c1 49 8d 0c 11 49 f7 d1 48 03 c1 49 c1
0x00007ff8f2b08ab1:   e9 03 48 c1 e8 03 41 23 c1 c3 49 8b 01 49 8b c9
0x00007ff8f2b08ac1:   48 ff a0 10 01 00 00 cc cc cc cc cc cc cc cc 48
0x00007ff8f2b08ad1:   8b c2 c3 cc cc cc cc cc cc cc cc cc cc cc cc 48
0x00007ff8f2b08ae1:   83 ec 38 0f 10 02 48 8b 49 38 48 8d 54 24 20 0f
0x00007ff8f2b08af1:   29 44 24 20 e8 16 f0 ff ff 48 83 c4 38 c3 cc 48
0x00007ff8f2b08b01:   83 ec 38 0f 10 02 48 8b 01 48 8d 54 24 20 0f 29
0x00007ff8f2b08b11:   44 24 20 ff 50 38 48 83 c4 38 c3 cc cc cc cc 48
0x00007ff8f2b08b21:   89 5c 24 08 55 56 57 41 54 41 55 41 56 41 57 48
0x00007ff8f2b08b31:   8d 6c 24 e0 48 81 ec 20 01 00 00 48 8b 05 e5 0c
0x00007ff8f2b08b41:   8b 00 48 33 c4 48 89 45 10 48 8b 05 6f a9 8d 00
0x00007ff8f2b08b51:   45 33 ed 4c 8b b5 80 00 00 00 4c 8b fa 48 8b bd
0x00007ff8f2b08b61:   88 00 00 00 4d 8b c6 49 8b d6 49 8b f1 48 8b 48
0x00007ff8f2b08b71:   38 48 8b 59 48 49 8b cf c7 45 c0 ff ff ff ff 44
0x00007ff8f2b08b81:   89 6d d4 4c 89 6d d8 44 88 6d e0 c7 45 e8 ff ff
0x00007ff8f2b08b91:   ff ff 44 89 6d fc 4c 89 6d 00 44 88 6d 08 e8 6c
0x00007ff8f2b08ba1:   1e f6 ff 41 b1 01 4c 8d 45 e8 41 8d 55 04 49 8b
0x00007ff8f2b08bb1:   cf e8 a9 ee f4 ff 48 8b 05 7a 5d 74 00 4c 8d 25 


Stack slot to memory mapping:
stack at sp + 0 slots: 0x00007ff8f2c78b7e jvm.dll
stack at sp + 1 slots: 0x0000000711b5b501 is pointing into object: org.springframework.core.ResolvableType$DefaultVariableResolver 
{0x0000000711b5b4f8} - klass: 'org/springframework/core/ResolvableType$DefaultVariableResolver'
stack at sp + 2 slots: 0x000001e5c26fd7f0 points into unknown readable memory: 68 d1 1f f3 f8 7f 00 00
stack at sp + 3 slots: 0x0000000711b5b508 is an oop: org.springframework.core.ResolvableType 
{0x0000000711b5b508} - klass: 'org/springframework/core/ResolvableType'
stack at sp + 4 slots: 0x0 is NULL
stack at sp + 5 slots: 0x00000078a97ff240 points into unknown readable memory: 00 f0 00 00 00 00 00 00
stack at sp + 6 slots: 0x00007ff8f2f547ca jvm.dll
stack at sp + 7 slots: 0x0000000100000018 is an unknown value


---------------  P R O C E S S  ---------------

Threads class SMR info:
_java_thread_list=0x000001e5bff1e1b0, length=13, elements={
0x000001e598fa5800, 0x000001e5bd706000, 0x000001e5bd707000, 0x000001e5bd792000,
0x000001e5bd793000, 0x000001e5bd794000, 0x000001e5bd796800, 0x000001e5bd743000,
0x000001e5bd8fd000, 0x000001e5bd90f800, 0x000001e5bd9ed000, 0x000001e5bdbd6800,
0x000001e5bddbe800
}

Java Threads: ( => current thread )
  0x000001e598fa5800 JavaThread "main" [_thread_blocked, id=10984, stack(0x00000078a8200000,0x00000078a8300000)]
  0x000001e5bd706000 JavaThread "Reference Handler" daemon [_thread_blocked, id=19344, stack(0x00000078a8900000,0x00000078a8a00000)]
  0x000001e5bd707000 JavaThread "Finalizer" daemon [_thread_blocked, id=16540, stack(0x00000078a8a00000,0x00000078a8b00000)]
  0x000001e5bd792000 JavaThread "Signal Dispatcher" daemon [_thread_blocked, id=22220, stack(0x00000078a8b00000,0x00000078a8c00000)]
  0x000001e5bd793000 JavaThread "Attach Listener" daemon [_thread_blocked, id=11012, stack(0x00000078a8c00000,0x00000078a8d00000)]
  0x000001e5bd794000 JavaThread "C2 CompilerThread0" daemon [_thread_blocked, id=16572, stack(0x00000078a8d00000,0x00000078a8e00000)]
  0x000001e5bd796800 JavaThread "C1 CompilerThread0" daemon [_thread_blocked, id=20624, stack(0x00000078a8e00000,0x00000078a8f00000)]
  0x000001e5bd743000 JavaThread "Sweeper thread" daemon [_thread_blocked, id=15124, stack(0x00000078a8f00000,0x00000078a9000000)]
  0x000001e5bd8fd000 JavaThread "Service Thread" daemon [_thread_blocked, id=15120, stack(0x00000078a9000000,0x00000078a9100000)]
  0x000001e5bd90f800 JavaThread "Common-Cleaner" daemon [_thread_blocked, id=18308, stack(0x00000078a9200000,0x00000078a9300000)]
  0x000001e5bd9ed000 JavaThread "surefire-forkedjvm-command-thread" daemon [_thread_in_native, id=22204, stack(0x00000078a9300000,0x00000078a9400000)]
  0x000001e5bdbd6800 JavaThread "surefire-forkedjvm-ping-30s" daemon [_thread_blocked, id=14668, stack(0x00000078a9400000,0x00000078a9500000)]
  0x000001e5bddbe800 JavaThread "C2 CompilerThread1" daemon [_thread_blocked, id=7300, stack(0x00000078a9500000,0x00000078a9600000)]

Other Threads:
  0x000001e5bd704000 VMThread "VM Thread" [stack: 0x00000078a8800000,0x00000078a8900000] [id=18588]
  0x000001e5bd906000 WatcherThread [stack: 0x00000078a9100000,0x00000078a9200000] [id=2964]
  0x000001e598fbf800 GCTaskThread "GC Thread#0" [stack: 0x00000078a8300000,0x00000078a8400000] [id=18084]
  0x000001e5be98a000 GCTaskThread "GC Thread#1" [stack: 0x00000078a9600000,0x00000078a9700000] [id=19920]
=>0x000001e5be9c5000 GCTaskThread "GC Thread#2" [stack: 0x00000078a9700000,0x00000078a9800000] [id=4560]
  0x000001e5beb01800 GCTaskThread "GC Thread#3" [stack: 0x00000078a9800000,0x00000078a9900000] [id=4308]
  0x000001e5be76d000 GCTaskThread "GC Thread#4" [stack: 0x00000078a9900000,0x00000078a9a00000] [id=3540]
  0x000001e599019000 ConcurrentGCThread "G1 Main Marker" [stack: 0x00000078a8400000,0x00000078a8500000] [id=20916]
  0x000001e59901b000 ConcurrentGCThread "G1 Conc#0" [stack: 0x00000078a8500000,0x00000078a8600000] [id=17680]
  0x000001e5be92a800 ConcurrentGCThread "G1 Conc#1" [stack: 0x00000078a9b00000,0x00000078a9c00000] [id=20704]
  0x000001e5bcd57800 ConcurrentGCThread "G1 Refine#0" [stack: 0x00000078a8600000,0x00000078a8700000] [id=9092]
  0x000001e5bcd5b800 ConcurrentGCThread "G1 Young RemSet Sampling" [stack: 0x00000078a8700000,0x00000078a8800000] [id=19172]

Threads with active compile tasks:

VM state:at safepoint (normal execution)

VM Mutex/Monitor currently owned by a thread:  ([mutex/lock_event])
[0x000001e598fa2200] Threads_lock - owner thread: 0x000001e5bd704000
[0x000001e598fa3400] Heap_lock - owner thread: 0x000001e598fa5800

Heap address: 0x0000000709a00000, size: 3942 MB, Compressed Oops mode: Zero based, Oop shift amount: 3
Narrow klass base: 0x0000000800000000, Narrow klass shift: 0
Compressed class space size: 1073741824 Address: 0x0000000800000000

Heap:
 garbage-first heap   total 253952K, used 123456K [0x0000000709a00000, 0x0000000800000000)
  region size 1024K, 117 young (119808K), 6 survivors (6144K)
 Metaspace       used 34739K, capacity 35756K, committed 35840K, reserved 1081344K
  class space    used 4288K, capacity 4708K, committed 4736K, reserved 1048576K
Heap Regions: E=young(eden), S=young(survivor), O=old, HS=humongous(starts), HC=humongous(continues), CS=collection set, F=free, A=archive, TAMS=top-at-mark-start (previous, next)
|   0|0x0000000709a00000, 0x0000000709b00000, 0x0000000709b00000|100%|HS|  |TAMS 0x0000000709b00000, 0x0000000709b00000| Complete 
|   1|0x0000000709b00000, 0x0000000709c00000, 0x0000000709c00000|100%| O|  |TAMS 0x0000000709c00000, 0x0000000709c00000| Untracked 
|   2|0x0000000709c00000, 0x0000000709d00000, 0x0000000709d00000|100%| O|  |TAMS 0x0000000709d00000, 0x0000000709d00000| Untracked 
|   3|0x0000000709d00000, 0x0000000709e00000, 0x0000000709e00000|100%| O|  |TAMS 0x0000000709e00000, 0x0000000709e00000| Untracked 
|   4|0x0000000709e00000, 0x0000000709f00000, 0x0000000709f00000|100%| O|  |TAMS 0x0000000709f00000, 0x0000000709f00000| Untracked 
|   5|0x0000000709f00000, 0x000000070a000000, 0x000000070a000000|100%| O|  |TAMS 0x000000070a000000, 0x000000070a000000| Untracked 
|   6|0x000000070a000000, 0x000000070a100000, 0x000000070a100000|100%| O|  |TAMS 0x000000070a100000, 0x000000070a100000| Untracked 
|   7|0x000000070a100000, 0x000000070a1d2800, 0x000000070a200000| 82%| O|  |TAMS 0x000000070a1d2800, 0x000000070a200000| Untracked 
|   8|0x000000070a200000, 0x000000070a200000, 0x000000070a300000|  0%| F|  |TAMS 0x000000070a200000, 0x000000070a200000| Untracked 
|   9|0x000000070a300000, 0x000000070a300000, 0x000000070a400000|  0%| F|  |TAMS 0x000000070a300000, 0x000000070a300000| Untracked 
|  10|0x000000070a400000, 0x000000070a400000, 0x000000070a500000|  0%| F|  |TAMS 0x000000070a400000, 0x000000070a400000| Untracked 
|  11|0x000000070a500000, 0x000000070a500000, 0x000000070a600000|  0%| F|  |TAMS 0x000000070a500000, 0x000000070a500000| Untracked 
|  12|0x000000070a600000, 0x000000070a600000, 0x000000070a700000|  0%| F|  |TAMS 0x000000070a600000, 0x000000070a600000| Untracked 
|  13|0x000000070a700000, 0x000000070a700000, 0x000000070a800000|  0%| F|  |TAMS 0x000000070a700000, 0x000000070a700000| Untracked 
|  14|0x000000070a800000, 0x000000070a800000, 0x000000070a900000|  0%| F|  |TAMS 0x000000070a800000, 0x000000070a800000| Untracked 
|  15|0x000000070a900000, 0x000000070a900000, 0x000000070aa00000|  0%| F|  |TAMS 0x000000070a900000, 0x000000070a900000| Untracked 
|  16|0x000000070aa00000, 0x000000070aa00000, 0x000000070ab00000|  0%| F|  |TAMS 0x000000070aa00000, 0x000000070aa00000| Untracked 
|  17|0x000000070ab00000, 0x000000070ab00000, 0x000000070ac00000|  0%| F|  |TAMS 0x000000070ab00000, 0x000000070ab00000| Untracked 
|  18|0x000000070ac00000, 0x000000070ac00000, 0x000000070ad00000|  0%| F|  |TAMS 0x000000070ac00000, 0x000000070ac00000| Untracked 
|  19|0x000000070ad00000, 0x000000070ad00000, 0x000000070ae00000|  0%| F|  |TAMS 0x000000070ad00000, 0x000000070ad00000| Untracked 
|  20|0x000000070ae00000, 0x000000070ae00000, 0x000000070af00000|  0%| F|  |TAMS 0x000000070ae00000, 0x000000070ae00000| Untracked 
|  21|0x000000070af00000, 0x000000070af00000, 0x000000070b000000|  0%| F|  |TAMS 0x000000070af00000, 0x000000070af00000| Untracked 
|  22|0x000000070b000000, 0x000000070b000000, 0x000000070b100000|  0%| F|  |TAMS 0x000000070b000000, 0x000000070b000000| Untracked 
|  23|0x000000070b100000, 0x000000070b100000, 0x000000070b200000|  0%| F|  |TAMS 0x000000070b100000, 0x000000070b100000| Untracked 
|  24|0x000000070b200000, 0x000000070b200000, 0x000000070b300000|  0%| F|  |TAMS 0x000000070b200000, 0x000000070b200000| Untracked 
|  25|0x000000070b300000, 0x000000070b300000, 0x000000070b400000|  0%| F|  |TAMS 0x000000070b300000, 0x000000070b300000| Untracked 
|  26|0x000000070b400000, 0x000000070b400000, 0x000000070b500000|  0%| F|  |TAMS 0x000000070b400000, 0x000000070b400000| Untracked 
|  27|0x000000070b500000, 0x000000070b500000, 0x000000070b600000|  0%| F|  |TAMS 0x000000070b500000, 0x000000070b500000| Untracked 
|  28|0x000000070b600000, 0x000000070b600000, 0x000000070b700000|  0%| F|  |TAMS 0x000000070b600000, 0x000000070b600000| Untracked 
|  29|0x000000070b700000, 0x000000070b700000, 0x000000070b800000|  0%| F|  |TAMS 0x000000070b700000, 0x000000070b700000| Untracked 
|  30|0x000000070b800000, 0x000000070b800000, 0x000000070b900000|  0%| F|  |TAMS 0x000000070b800000, 0x000000070b800000| Untracked 
|  31|0x000000070b900000, 0x000000070b900000, 0x000000070ba00000|  0%| F|  |TAMS 0x000000070b900000, 0x000000070b900000| Untracked 
|  32|0x000000070ba00000, 0x000000070ba00000, 0x000000070bb00000|  0%| F|  |TAMS 0x000000070ba00000, 0x000000070ba00000| Untracked 
|  33|0x000000070bb00000, 0x000000070bb00000, 0x000000070bc00000|  0%| F|  |TAMS 0x000000070bb00000, 0x000000070bb00000| Untracked 
|  34|0x000000070bc00000, 0x000000070bc00000, 0x000000070bd00000|  0%| F|  |TAMS 0x000000070bc00000, 0x000000070bc00000| Untracked 
|  35|0x000000070bd00000, 0x000000070bd00000, 0x000000070be00000|  0%| F|  |TAMS 0x000000070bd00000, 0x000000070bd00000| Untracked 
|  36|0x000000070be00000, 0x000000070be00000, 0x000000070bf00000|  0%| F|  |TAMS 0x000000070be00000, 0x000000070be00000| Untracked 
|  37|0x000000070bf00000, 0x000000070bf00000, 0x000000070c000000|  0%| F|  |TAMS 0x000000070bf00000, 0x000000070bf00000| Untracked 
|  38|0x000000070c000000, 0x000000070c000000, 0x000000070c100000|  0%| F|  |TAMS 0x000000070c000000, 0x000000070c000000| Untracked 
|  39|0x000000070c100000, 0x000000070c100000, 0x000000070c200000|  0%| F|  |TAMS 0x000000070c100000, 0x000000070c100000| Untracked 
|  40|0x000000070c200000, 0x000000070c200000, 0x000000070c300000|  0%| F|  |TAMS 0x000000070c200000, 0x000000070c200000| Untracked 
|  41|0x000000070c300000, 0x000000070c300000, 0x000000070c400000|  0%| F|  |TAMS 0x000000070c300000, 0x000000070c300000| Untracked 
|  42|0x000000070c400000, 0x000000070c400000, 0x000000070c500000|  0%| F|  |TAMS 0x000000070c400000, 0x000000070c400000| Untracked 
|  43|0x000000070c500000, 0x000000070c500000, 0x000000070c600000|  0%| F|  |TAMS 0x000000070c500000, 0x000000070c500000| Untracked 
|  44|0x000000070c600000, 0x000000070c600000, 0x000000070c700000|  0%| F|  |TAMS 0x000000070c600000, 0x000000070c600000| Untracked 
|  45|0x000000070c700000, 0x000000070c700000, 0x000000070c800000|  0%| F|  |TAMS 0x000000070c700000, 0x000000070c700000| Untracked 
|  46|0x000000070c800000, 0x000000070c800000, 0x000000070c900000|  0%| F|  |TAMS 0x000000070c800000, 0x000000070c800000| Untracked 
|  47|0x000000070c900000, 0x000000070c900000, 0x000000070ca00000|  0%| F|  |TAMS 0x000000070c900000, 0x000000070c900000| Untracked 
|  48|0x000000070ca00000, 0x000000070ca00000, 0x000000070cb00000|  0%| F|  |TAMS 0x000000070ca00000, 0x000000070ca00000| Untracked 
|  49|0x000000070cb00000, 0x000000070cb00000, 0x000000070cc00000|  0%| F|  |TAMS 0x000000070cb00000, 0x000000070cb00000| Untracked 
|  50|0x000000070cc00000, 0x000000070cc00000, 0x000000070cd00000|  0%| F|  |TAMS 0x000000070cc00000, 0x000000070cc00000| Untracked 
|  51|0x000000070cd00000, 0x000000070cd00000, 0x000000070ce00000|  0%| F|  |TAMS 0x000000070cd00000, 0x000000070cd00000| Untracked 
|  52|0x000000070ce00000, 0x000000070ce00000, 0x000000070cf00000|  0%| F|  |TAMS 0x000000070ce00000, 0x000000070ce00000| Untracked 
|  53|0x000000070cf00000, 0x000000070cf00000, 0x000000070d000000|  0%| F|  |TAMS 0x000000070cf00000, 0x000000070cf00000| Untracked 
|  54|0x000000070d000000, 0x000000070d000000, 0x000000070d100000|  0%| F|  |TAMS 0x000000070d000000, 0x000000070d000000| Untracked 
|  55|0x000000070d100000, 0x000000070d100000, 0x000000070d200000|  0%| F|  |TAMS 0x000000070d100000, 0x000000070d100000| Untracked 
|  56|0x000000070d200000, 0x000000070d200000, 0x000000070d300000|  0%| F|  |TAMS 0x000000070d200000, 0x000000070d200000| Untracked 
|  57|0x000000070d300000, 0x000000070d300000, 0x000000070d400000|  0%| F|  |TAMS 0x000000070d300000, 0x000000070d300000| Untracked 
|  58|0x000000070d400000, 0x000000070d400000, 0x000000070d500000|  0%| F|  |TAMS 0x000000070d400000, 0x000000070d400000| Untracked 
|  59|0x000000070d500000, 0x000000070d500000, 0x000000070d600000|  0%| F|  |TAMS 0x000000070d500000, 0x000000070d500000| Untracked 
|  60|0x000000070d600000, 0x000000070d600000, 0x000000070d700000|  0%| F|  |TAMS 0x000000070d600000, 0x000000070d600000| Untracked 
|  61|0x000000070d700000, 0x000000070d700000, 0x000000070d800000|  0%| F|  |TAMS 0x000000070d700000, 0x000000070d700000| Untracked 
|  62|0x000000070d800000, 0x000000070d800000, 0x000000070d900000|  0%| F|  |TAMS 0x000000070d800000, 0x000000070d800000| Untracked 
|  63|0x000000070d900000, 0x000000070d900000, 0x000000070da00000|  0%| F|  |TAMS 0x000000070d900000, 0x000000070d900000| Untracked 
|  64|0x000000070da00000, 0x000000070da00000, 0x000000070db00000|  0%| F|  |TAMS 0x000000070da00000, 0x000000070da00000| Untracked 
|  65|0x000000070db00000, 0x000000070db00000, 0x000000070dc00000|  0%| F|  |TAMS 0x000000070db00000, 0x000000070db00000| Untracked 
|  66|0x000000070dc00000, 0x000000070dc00000, 0x000000070dd00000|  0%| F|  |TAMS 0x000000070dc00000, 0x000000070dc00000| Untracked 
|  67|0x000000070dd00000, 0x000000070dd00000, 0x000000070de00000|  0%| F|  |TAMS 0x000000070dd00000, 0x000000070dd00000| Untracked 
|  68|0x000000070de00000, 0x000000070de00000, 0x000000070df00000|  0%| F|  |TAMS 0x000000070de00000, 0x000000070de00000| Untracked 
|  69|0x000000070df00000, 0x000000070df00000, 0x000000070e000000|  0%| F|  |TAMS 0x000000070df00000, 0x000000070df00000| Untracked 
|  70|0x000000070e000000, 0x000000070e000000, 0x000000070e100000|  0%| F|  |TAMS 0x000000070e000000, 0x000000070e000000| Untracked 
|  71|0x000000070e100000, 0x000000070e100000, 0x000000070e200000|  0%| F|  |TAMS 0x000000070e100000, 0x000000070e100000| Untracked 
|  72|0x000000070e200000, 0x000000070e200000, 0x000000070e300000|  0%| F|  |TAMS 0x000000070e200000, 0x000000070e200000| Untracked 
|  73|0x000000070e300000, 0x000000070e300000, 0x000000070e400000|  0%| F|  |TAMS 0x000000070e300000, 0x000000070e300000| Untracked 
|  74|0x000000070e400000, 0x000000070e400000, 0x000000070e500000|  0%| F|  |TAMS 0x000000070e400000, 0x000000070e400000| Untracked 
|  75|0x000000070e500000, 0x000000070e500000, 0x000000070e600000|  0%| F|  |TAMS 0x000000070e500000, 0x000000070e500000| Untracked 
|  76|0x000000070e600000, 0x000000070e600000, 0x000000070e700000|  0%| F|  |TAMS 0x000000070e600000, 0x000000070e600000| Untracked 
|  77|0x000000070e700000, 0x000000070e700000, 0x000000070e800000|  0%| F|  |TAMS 0x000000070e700000, 0x000000070e700000| Untracked 
|  78|0x000000070e800000, 0x000000070e800000, 0x000000070e900000|  0%| F|  |TAMS 0x000000070e800000, 0x000000070e800000| Untracked 
|  79|0x000000070e900000, 0x000000070e900000, 0x000000070ea00000|  0%| F|  |TAMS 0x000000070e900000, 0x000000070e900000| Untracked 
|  80|0x000000070ea00000, 0x000000070ea00000, 0x000000070eb00000|  0%| F|  |TAMS 0x000000070ea00000, 0x000000070ea00000| Untracked 
|  81|0x000000070eb00000, 0x000000070eb00000, 0x000000070ec00000|  0%| F|  |TAMS 0x000000070eb00000, 0x000000070eb00000| Untracked 
|  82|0x000000070ec00000, 0x000000070ec00000, 0x000000070ed00000|  0%| F|  |TAMS 0x000000070ec00000, 0x000000070ec00000| Untracked 
|  83|0x000000070ed00000, 0x000000070ed00000, 0x000000070ee00000|  0%| F|  |TAMS 0x000000070ed00000, 0x000000070ed00000| Untracked 
|  84|0x000000070ee00000, 0x000000070ee00000, 0x000000070ef00000|  0%| F|  |TAMS 0x000000070ee00000, 0x000000070ee00000| Untracked 
|  85|0x000000070ef00000, 0x000000070ef00000, 0x000000070f000000|  0%| F|  |TAMS 0x000000070ef00000, 0x000000070ef00000| Untracked 
|  86|0x000000070f000000, 0x000000070f000000, 0x000000070f100000|  0%| F|  |TAMS 0x000000070f000000, 0x000000070f000000| Untracked 
|  87|0x000000070f100000, 0x000000070f100000, 0x000000070f200000|  0%| F|  |TAMS 0x000000070f100000, 0x000000070f100000| Untracked 
|  88|0x000000070f200000, 0x000000070f200000, 0x000000070f300000|  0%| F|  |TAMS 0x000000070f200000, 0x000000070f200000| Untracked 
|  89|0x000000070f300000, 0x000000070f300000, 0x000000070f400000|  0%| F|  |TAMS 0x000000070f300000, 0x000000070f300000| Untracked 
|  90|0x000000070f400000, 0x000000070f400000, 0x000000070f500000|  0%| F|  |TAMS 0x000000070f400000, 0x000000070f400000| Untracked 
|  91|0x000000070f500000, 0x000000070f500000, 0x000000070f600000|  0%| F|  |TAMS 0x000000070f500000, 0x000000070f500000| Untracked 
|  92|0x000000070f600000, 0x000000070f600000, 0x000000070f700000|  0%| F|  |TAMS 0x000000070f600000, 0x000000070f600000| Untracked 
|  93|0x000000070f700000, 0x000000070f700000, 0x000000070f800000|  0%| F|  |TAMS 0x000000070f700000, 0x000000070f700000| Untracked 
|  94|0x000000070f800000, 0x000000070f800000, 0x000000070f900000|  0%| F|  |TAMS 0x000000070f800000, 0x000000070f800000| Untracked 
|  95|0x000000070f900000, 0x000000070f900000, 0x000000070fa00000|  0%| F|  |TAMS 0x000000070f900000, 0x000000070f900000| Untracked 
|  96|0x000000070fa00000, 0x000000070fa00000, 0x000000070fb00000|  0%| F|  |TAMS 0x000000070fa00000, 0x000000070fa00000| Untracked 
|  97|0x000000070fb00000, 0x000000070fb00000, 0x000000070fc00000|  0%| F|  |TAMS 0x000000070fb00000, 0x000000070fb00000| Untracked 
|  98|0x000000070fc00000, 0x000000070fc00000, 0x000000070fd00000|  0%| F|  |TAMS 0x000000070fc00000, 0x000000070fc00000| Untracked 
|  99|0x000000070fd00000, 0x000000070fd00000, 0x000000070fe00000|  0%| F|  |TAMS 0x000000070fd00000, 0x000000070fd00000| Untracked 
| 100|0x000000070fe00000, 0x000000070fe00000, 0x000000070ff00000|  0%| F|  |TAMS 0x000000070fe00000, 0x000000070fe00000| Untracked 
| 101|0x000000070ff00000, 0x000000070ff00000, 0x0000000710000000|  0%| F|  |TAMS 0x000000070ff00000, 0x000000070ff00000| Untracked 
| 102|0x0000000710000000, 0x0000000710000000, 0x0000000710100000|  0%| F|  |TAMS 0x0000000710000000, 0x0000000710000000| Untracked 
| 103|0x0000000710100000, 0x0000000710100000, 0x0000000710200000|  0%| F|  |TAMS 0x0000000710100000, 0x0000000710100000| Untracked 
| 104|0x0000000710200000, 0x0000000710200000, 0x0000000710300000|  0%| F|  |TAMS 0x0000000710200000, 0x0000000710200000| Untracked 
| 105|0x0000000710300000, 0x0000000710300000, 0x0000000710400000|  0%| F|  |TAMS 0x0000000710300000, 0x0000000710300000| Untracked 
| 106|0x0000000710400000, 0x0000000710400000, 0x0000000710500000|  0%| F|  |TAMS 0x0000000710400000, 0x0000000710400000| Untracked 
| 107|0x0000000710500000, 0x0000000710500000, 0x0000000710600000|  0%| F|  |TAMS 0x0000000710500000, 0x0000000710500000| Untracked 
| 108|0x0000000710600000, 0x0000000710600000, 0x0000000710700000|  0%| F|  |TAMS 0x0000000710600000, 0x0000000710600000| Untracked 
| 109|0x0000000710700000, 0x0000000710700000, 0x0000000710800000|  0%| F|  |TAMS 0x0000000710700000, 0x0000000710700000| Untracked 
| 110|0x0000000710800000, 0x0000000710800000, 0x0000000710900000|  0%| F|  |TAMS 0x0000000710800000, 0x0000000710800000| Untracked 
| 111|0x0000000710900000, 0x0000000710900000, 0x0000000710a00000|  0%| F|  |TAMS 0x0000000710900000, 0x0000000710900000| Untracked 
| 112|0x0000000710a00000, 0x0000000710a00000, 0x0000000710b00000|  0%| F|  |TAMS 0x0000000710a00000, 0x0000000710a00000| Untracked 
| 113|0x0000000710b00000, 0x0000000710b00000, 0x0000000710c00000|  0%| F|  |TAMS 0x0000000710b00000, 0x0000000710b00000| Untracked 
| 114|0x0000000710c00000, 0x0000000710c00000, 0x0000000710d00000|  0%| F|  |TAMS 0x0000000710c00000, 0x0000000710c00000| Untracked 
| 115|0x0000000710d00000, 0x0000000710d00000, 0x0000000710e00000|  0%| F|  |TAMS 0x0000000710d00000, 0x0000000710d00000| Untracked 
| 116|0x0000000710e00000, 0x0000000710e00000, 0x0000000710f00000|  0%| F|  |TAMS 0x0000000710e00000, 0x0000000710e00000| Untracked 
| 117|0x0000000710f00000, 0x0000000710f00000, 0x0000000711000000|  0%| F|  |TAMS 0x0000000710f00000, 0x0000000710f00000| Untracked 
| 118|0x0000000711000000, 0x0000000711000000, 0x0000000711100000|  0%| F|  |TAMS 0x0000000711000000, 0x0000000711000000| Untracked 
| 119|0x0000000711100000, 0x0000000711100000, 0x0000000711200000|  0%| F|  |TAMS 0x0000000711100000, 0x0000000711100000| Untracked 
| 120|0x0000000711200000, 0x0000000711200000, 0x0000000711300000|  0%| F|  |TAMS 0x0000000711200000, 0x0000000711200000| Untracked 
| 121|0x0000000711300000, 0x0000000711300000, 0x0000000711400000|  0%| F|  |TAMS 0x0000000711300000, 0x0000000711300000| Untracked 
| 122|0x0000000711400000, 0x0000000711400000, 0x0000000711500000|  0%| F|  |TAMS 0x0000000711400000, 0x0000000711400000| Untracked 
| 123|0x0000000711500000, 0x0000000711500000, 0x0000000711600000|  0%| F|  |TAMS 0x0000000711500000, 0x0000000711500000| Untracked 
| 124|0x0000000711600000, 0x0000000711600000, 0x0000000711700000|  0%| F|  |TAMS 0x0000000711600000, 0x0000000711600000| Untracked 
| 125|0x0000000711700000, 0x0000000711700000, 0x0000000711800000|  0%| F|  |TAMS 0x0000000711700000, 0x0000000711700000| Untracked 
| 126|0x0000000711800000, 0x0000000711800000, 0x0000000711900000|  0%| F|  |TAMS 0x0000000711800000, 0x0000000711800000| Untracked 
| 127|0x0000000711900000, 0x0000000711900000, 0x0000000711a00000|  0%| F|  |TAMS 0x0000000711900000, 0x0000000711900000| Untracked 
| 128|0x0000000711a00000, 0x0000000711abe230, 0x0000000711b00000| 74%| S|  |TAMS 0x0000000711a00000, 0x0000000711a00000| Complete 
| 129|0x0000000711b00000, 0x0000000711c00000, 0x0000000711c00000|100%| S|  |TAMS 0x0000000711b00000, 0x0000000711b00000| Complete 
| 130|0x0000000711c00000, 0x0000000711d00000, 0x0000000711d00000|100%| S|  |TAMS 0x0000000711c00000, 0x0000000711c00000| Complete 
| 131|0x0000000711d00000, 0x0000000711e00000, 0x0000000711e00000|100%| S|  |TAMS 0x0000000711d00000, 0x0000000711d00000| Complete 
| 132|0x0000000711e00000, 0x0000000711f00000, 0x0000000711f00000|100%| S|  |TAMS 0x0000000711e00000, 0x0000000711e00000| Complete 
| 133|0x0000000711f00000, 0x0000000712000000, 0x0000000712000000|100%| S|  |TAMS 0x0000000711f00000, 0x0000000711f00000| Complete 
| 134|0x0000000712000000, 0x00000007120819e8, 0x0000000712100000| 50%| E|CS|TAMS 0x0000000712000000, 0x00000007120819e8| Complete 
| 135|0x0000000712100000, 0x0000000712200000, 0x0000000712200000|100%| E|CS|TAMS 0x0000000712100000, 0x0000000712200000| Complete 
| 136|0x0000000712200000, 0x0000000712300000, 0x0000000712300000|100%| E|CS|TAMS 0x0000000712200000, 0x0000000712300000| Complete 
| 137|0x0000000712300000, 0x0000000712400000, 0x0000000712400000|100%| E|CS|TAMS 0x0000000712300000, 0x0000000712400000| Complete 
| 138|0x0000000712400000, 0x0000000712500000, 0x0000000712500000|100%| E|CS|TAMS 0x0000000712400000, 0x0000000712500000| Complete 
| 139|0x0000000712500000, 0x0000000712600000, 0x0000000712600000|100%| E|CS|TAMS 0x0000000712500000, 0x0000000712600000| Complete 
| 140|0x0000000712600000, 0x0000000712700000, 0x0000000712700000|100%| E|CS|TAMS 0x0000000712600000, 0x0000000712700000| Complete 
| 141|0x0000000712700000, 0x0000000712800000, 0x0000000712800000|100%| E|CS|TAMS 0x0000000712700000, 0x0000000712800000| Complete 
| 142|0x0000000712800000, 0x0000000712900000, 0x0000000712900000|100%| E|CS|TAMS 0x0000000712800000, 0x0000000712900000| Complete 
| 143|0x0000000712900000, 0x0000000712a00000, 0x0000000712a00000|100%| E|CS|TAMS 0x0000000712900000, 0x0000000712a00000| Complete 
| 144|0x0000000712a00000, 0x0000000712b00000, 0x0000000712b00000|100%| E|CS|TAMS 0x0000000712a00000, 0x0000000712b00000| Complete 
| 145|0x0000000712b00000, 0x0000000712c00000, 0x0000000712c00000|100%| E|CS|TAMS 0x0000000712b00000, 0x0000000712c00000| Complete 
| 146|0x0000000712c00000, 0x0000000712d00000, 0x0000000712d00000|100%| E|CS|TAMS 0x0000000712c00000, 0x0000000712d00000| Complete 
| 147|0x0000000712d00000, 0x0000000712e00000, 0x0000000712e00000|100%| E|CS|TAMS 0x0000000712d00000, 0x0000000712e00000| Complete 
| 148|0x0000000712e00000, 0x0000000712f00000, 0x0000000712f00000|100%| E|CS|TAMS 0x0000000712e00000, 0x0000000712f00000| Complete 
| 149|0x0000000712f00000, 0x0000000713000000, 0x0000000713000000|100%| E|CS|TAMS 0x0000000712f00000, 0x0000000713000000| Complete 
| 150|0x0000000713000000, 0x0000000713100000, 0x0000000713100000|100%| E|CS|TAMS 0x0000000713000000, 0x0000000713100000| Complete 
| 151|0x0000000713100000, 0x0000000713200000, 0x0000000713200000|100%| E|CS|TAMS 0x0000000713100000, 0x0000000713200000| Complete 
| 152|0x0000000713200000, 0x0000000713300000, 0x0000000713300000|100%| E|CS|TAMS 0x0000000713200000, 0x0000000713300000| Complete 
| 153|0x0000000713300000, 0x0000000713400000, 0x0000000713400000|100%| E|CS|TAMS 0x0000000713300000, 0x0000000713400000| Complete 
| 154|0x0000000713400000, 0x0000000713500000, 0x0000000713500000|100%| E|CS|TAMS 0x0000000713400000, 0x0000000713500000| Complete 
| 155|0x0000000713500000, 0x0000000713600000, 0x0000000713600000|100%| E|CS|TAMS 0x0000000713500000, 0x0000000713600000| Complete 
| 156|0x0000000713600000, 0x0000000713700000, 0x0000000713700000|100%| E|CS|TAMS 0x0000000713600000, 0x0000000713700000| Complete 
| 157|0x0000000713700000, 0x0000000713800000, 0x0000000713800000|100%| E|CS|TAMS 0x0000000713700000, 0x0000000713800000| Complete 
| 158|0x0000000713800000, 0x0000000713900000, 0x0000000713900000|100%| E|CS|TAMS 0x0000000713800000, 0x0000000713900000| Complete 
| 159|0x0000000713900000, 0x0000000713a00000, 0x0000000713a00000|100%| E|CS|TAMS 0x0000000713900000, 0x0000000713a00000| Complete 
| 160|0x0000000713a00000, 0x0000000713b00000, 0x0000000713b00000|100%| E|CS|TAMS 0x0000000713a00000, 0x0000000713b00000| Complete 
| 161|0x0000000713b00000, 0x0000000713c00000, 0x0000000713c00000|100%| E|CS|TAMS 0x0000000713b00000, 0x0000000713c00000| Complete 
| 162|0x0000000713c00000, 0x0000000713d00000, 0x0000000713d00000|100%| E|CS|TAMS 0x0000000713c00000, 0x0000000713d00000| Complete 
| 163|0x0000000713d00000, 0x0000000713e00000, 0x0000000713e00000|100%| E|CS|TAMS 0x0000000713d00000, 0x0000000713e00000| Complete 
| 164|0x0000000713e00000, 0x0000000713f00000, 0x0000000713f00000|100%| E|CS|TAMS 0x0000000713e00000, 0x0000000713f00000| Complete 
| 165|0x0000000713f00000, 0x0000000714000000, 0x0000000714000000|100%| E|CS|TAMS 0x0000000713f00000, 0x0000000714000000| Complete 
| 166|0x0000000714000000, 0x0000000714100000, 0x0000000714100000|100%| E|CS|TAMS 0x0000000714000000, 0x0000000714100000| Complete 
| 167|0x0000000714100000, 0x0000000714200000, 0x0000000714200000|100%| E|CS|TAMS 0x0000000714100000, 0x0000000714200000| Complete 
| 168|0x0000000714200000, 0x0000000714300000, 0x0000000714300000|100%| E|CS|TAMS 0x0000000714200000, 0x0000000714300000| Complete 
| 169|0x0000000714300000, 0x0000000714400000, 0x0000000714400000|100%| E|CS|TAMS 0x0000000714300000, 0x0000000714400000| Complete 
| 170|0x0000000714400000, 0x0000000714500000, 0x0000000714500000|100%| E|CS|TAMS 0x0000000714400000, 0x0000000714500000| Complete 
| 171|0x0000000714500000, 0x0000000714600000, 0x0000000714600000|100%| E|CS|TAMS 0x0000000714500000, 0x0000000714600000| Complete 
| 172|0x0000000714600000, 0x0000000714700000, 0x0000000714700000|100%| E|CS|TAMS 0x0000000714600000, 0x0000000714700000| Complete 
| 173|0x0000000714700000, 0x0000000714800000, 0x0000000714800000|100%| E|CS|TAMS 0x0000000714700000, 0x0000000714800000| Complete 
| 174|0x0000000714800000, 0x0000000714900000, 0x0000000714900000|100%| E|CS|TAMS 0x0000000714800000, 0x0000000714900000| Complete 
| 175|0x0000000714900000, 0x0000000714a00000, 0x0000000714a00000|100%| E|CS|TAMS 0x0000000714900000, 0x0000000714a00000| Complete 
| 176|0x0000000714a00000, 0x0000000714b00000, 0x0000000714b00000|100%| E|CS|TAMS 0x0000000714a00000, 0x0000000714b00000| Complete 
| 177|0x0000000714b00000, 0x0000000714c00000, 0x0000000714c00000|100%| E|CS|TAMS 0x0000000714b00000, 0x0000000714c00000| Complete 
| 178|0x0000000714c00000, 0x0000000714d00000, 0x0000000714d00000|100%| E|CS|TAMS 0x0000000714c00000, 0x0000000714d00000| Complete 
| 179|0x0000000714d00000, 0x0000000714e00000, 0x0000000714e00000|100%| E|CS|TAMS 0x0000000714d00000, 0x0000000714e00000| Complete 
| 180|0x0000000714e00000, 0x0000000714f00000, 0x0000000714f00000|100%| E|CS|TAMS 0x0000000714e00000, 0x0000000714f00000| Complete 
| 181|0x0000000714f00000, 0x0000000715000000, 0x0000000715000000|100%| E|CS|TAMS 0x0000000714f00000, 0x0000000715000000| Complete 
| 182|0x0000000715000000, 0x0000000715100000, 0x0000000715100000|100%| E|CS|TAMS 0x0000000715000000, 0x0000000715100000| Complete 
| 183|0x0000000715100000, 0x0000000715200000, 0x0000000715200000|100%| E|CS|TAMS 0x0000000715100000, 0x0000000715200000| Complete 
| 184|0x0000000715200000, 0x0000000715300000, 0x0000000715300000|100%| E|CS|TAMS 0x0000000715200000, 0x0000000715300000| Complete 
| 185|0x0000000715300000, 0x0000000715400000, 0x0000000715400000|100%| E|CS|TAMS 0x0000000715300000, 0x0000000715400000| Complete 
| 186|0x0000000715400000, 0x0000000715500000, 0x0000000715500000|100%| E|CS|TAMS 0x0000000715400000, 0x0000000715500000| Complete 
| 187|0x0000000715500000, 0x0000000715600000, 0x0000000715600000|100%| E|CS|TAMS 0x0000000715500000, 0x0000000715600000| Complete 
| 188|0x0000000715600000, 0x0000000715700000, 0x0000000715700000|100%| E|CS|TAMS 0x0000000715600000, 0x0000000715700000| Complete 
| 189|0x0000000715700000, 0x0000000715800000, 0x0000000715800000|100%| E|CS|TAMS 0x0000000715700000, 0x0000000715800000| Complete 
| 190|0x0000000715800000, 0x0000000715900000, 0x0000000715900000|100%| E|CS|TAMS 0x0000000715800000, 0x0000000715900000| Complete 
| 191|0x0000000715900000, 0x0000000715a00000, 0x0000000715a00000|100%| E|CS|TAMS 0x0000000715900000, 0x0000000715a00000| Complete 
| 192|0x0000000715a00000, 0x0000000715b00000, 0x0000000715b00000|100%| E|CS|TAMS 0x0000000715a00000, 0x0000000715b00000| Complete 
| 193|0x0000000715b00000, 0x0000000715c00000, 0x0000000715c00000|100%| E|CS|TAMS 0x0000000715b00000, 0x0000000715c00000| Complete 
| 194|0x0000000715c00000, 0x0000000715d00000, 0x0000000715d00000|100%| E|CS|TAMS 0x0000000715c00000, 0x0000000715d00000| Complete 
| 195|0x0000000715d00000, 0x0000000715e00000, 0x0000000715e00000|100%| E|CS|TAMS 0x0000000715d00000, 0x0000000715e00000| Complete 
| 196|0x0000000715e00000, 0x0000000715f00000, 0x0000000715f00000|100%| E|CS|TAMS 0x0000000715e00000, 0x0000000715f00000| Complete 
| 197|0x0000000715f00000, 0x0000000716000000, 0x0000000716000000|100%| E|CS|TAMS 0x0000000715f00000, 0x0000000716000000| Complete 
| 198|0x0000000716000000, 0x0000000716100000, 0x0000000716100000|100%| E|CS|TAMS 0x0000000716000000, 0x0000000716100000| Complete 
| 199|0x0000000716100000, 0x0000000716200000, 0x0000000716200000|100%| E|CS|TAMS 0x0000000716100000, 0x0000000716200000| Complete 
| 200|0x0000000716200000, 0x0000000716300000, 0x0000000716300000|100%| E|CS|TAMS 0x0000000716200000, 0x0000000716300000| Complete 
| 201|0x0000000716300000, 0x0000000716400000, 0x0000000716400000|100%| E|CS|TAMS 0x0000000716300000, 0x0000000716400000| Complete 
| 202|0x0000000716400000, 0x0000000716500000, 0x0000000716500000|100%| E|CS|TAMS 0x0000000716400000, 0x0000000716500000| Complete 
| 203|0x0000000716500000, 0x0000000716600000, 0x0000000716600000|100%| E|CS|TAMS 0x0000000716500000, 0x0000000716600000| Complete 
| 204|0x0000000716600000, 0x0000000716700000, 0x0000000716700000|100%| E|CS|TAMS 0x0000000716600000, 0x0000000716700000| Complete 
| 205|0x0000000716700000, 0x0000000716800000, 0x0000000716800000|100%| E|CS|TAMS 0x0000000716700000, 0x0000000716800000| Complete 
| 206|0x0000000716800000, 0x000000071683be20, 0x0000000716900000| 23%| E|CS|TAMS 0x0000000716800000, 0x000000071683be20| Complete 
| 207|0x0000000716900000, 0x0000000716a00000, 0x0000000716a00000|100%| E|CS|TAMS 0x0000000716900000, 0x0000000716a00000| Complete 
| 208|0x0000000716a00000, 0x0000000716b00000, 0x0000000716b00000|100%| E|CS|TAMS 0x0000000716a00000, 0x0000000716b00000| Complete 
| 209|0x0000000716b00000, 0x0000000716c00000, 0x0000000716c00000|100%| E|CS|TAMS 0x0000000716b00000, 0x0000000716c00000| Complete 
| 210|0x0000000716c00000, 0x0000000716d00000, 0x0000000716d00000|100%| E|CS|TAMS 0x0000000716c00000, 0x0000000716d00000| Complete 
| 211|0x0000000716d00000, 0x0000000716e00000, 0x0000000716e00000|100%| E|CS|TAMS 0x0000000716d00000, 0x0000000716e00000| Complete 
| 212|0x0000000716e00000, 0x0000000716f00000, 0x0000000716f00000|100%| E|CS|TAMS 0x0000000716e00000, 0x0000000716f00000| Complete 
| 213|0x0000000716f00000, 0x0000000717000000, 0x0000000717000000|100%| E|CS|TAMS 0x0000000716f00000, 0x0000000717000000| Complete 
| 214|0x0000000717000000, 0x0000000717100000, 0x0000000717100000|100%| E|CS|TAMS 0x0000000717000000, 0x0000000717100000| Complete 
| 215|0x0000000717100000, 0x0000000717200000, 0x0000000717200000|100%| E|CS|TAMS 0x0000000717100000, 0x0000000717200000| Complete 
| 216|0x0000000717200000, 0x0000000717300000, 0x0000000717300000|100%| E|CS|TAMS 0x0000000717200000, 0x0000000717300000| Complete 
| 217|0x0000000717300000, 0x0000000717400000, 0x0000000717400000|100%| E|CS|TAMS 0x0000000717300000, 0x0000000717400000| Complete 
| 218|0x0000000717400000, 0x0000000717500000, 0x0000000717500000|100%| E|CS|TAMS 0x0000000717400000, 0x0000000717500000| Complete 
| 219|0x0000000717500000, 0x0000000717600000, 0x0000000717600000|100%| E|CS|TAMS 0x0000000717500000, 0x0000000717600000| Complete 
| 220|0x0000000717600000, 0x0000000717700000, 0x0000000717700000|100%| E|CS|TAMS 0x0000000717600000, 0x0000000717700000| Complete 
| 221|0x0000000717700000, 0x0000000717800000, 0x0000000717800000|100%| E|CS|TAMS 0x0000000717700000, 0x0000000717800000| Complete 
| 222|0x0000000717800000, 0x0000000717900000, 0x0000000717900000|100%| E|CS|TAMS 0x0000000717800000, 0x0000000717900000| Complete 
| 223|0x0000000717900000, 0x0000000717a00000, 0x0000000717a00000|100%| E|CS|TAMS 0x0000000717900000, 0x0000000717a00000| Complete 
| 224|0x0000000717a00000, 0x0000000717b00000, 0x0000000717b00000|100%| E|CS|TAMS 0x0000000717a00000, 0x0000000717b00000| Complete 
| 225|0x0000000717b00000, 0x0000000717c00000, 0x0000000717c00000|100%| E|CS|TAMS 0x0000000717b00000, 0x0000000717c00000| Complete 
| 226|0x0000000717c00000, 0x0000000717d00000, 0x0000000717d00000|100%| E|CS|TAMS 0x0000000717c00000, 0x0000000717d00000| Complete 
| 227|0x0000000717d00000, 0x0000000717e00000, 0x0000000717e00000|100%| E|CS|TAMS 0x0000000717d00000, 0x0000000717e00000| Complete 
| 228|0x0000000717e00000, 0x0000000717f00000, 0x0000000717f00000|100%| E|CS|TAMS 0x0000000717e00000, 0x0000000717f00000| Complete 
| 229|0x0000000717f00000, 0x0000000718000000, 0x0000000718000000|100%| E|CS|TAMS 0x0000000717f00000, 0x0000000718000000| Complete 
| 230|0x0000000718000000, 0x0000000718100000, 0x0000000718100000|100%| E|CS|TAMS 0x0000000718000000, 0x0000000718100000| Complete 
| 231|0x0000000718100000, 0x0000000718200000, 0x0000000718200000|100%| E|CS|TAMS 0x0000000718100000, 0x0000000718200000| Complete 
| 232|0x0000000718200000, 0x0000000718300000, 0x0000000718300000|100%| E|CS|TAMS 0x0000000718200000, 0x0000000718300000| Complete 
| 233|0x0000000718300000, 0x0000000718400000, 0x0000000718400000|100%| E|CS|TAMS 0x0000000718300000, 0x0000000718400000| Complete 
| 234|0x0000000718400000, 0x0000000718500000, 0x0000000718500000|100%| E|CS|TAMS 0x0000000718400000, 0x0000000718500000| Complete 
| 235|0x0000000718500000, 0x0000000718600000, 0x0000000718600000|100%| E|CS|TAMS 0x0000000718500000, 0x0000000718600000| Complete 
| 236|0x0000000718600000, 0x0000000718700000, 0x0000000718700000|100%| E|CS|TAMS 0x0000000718600000, 0x0000000718700000| Complete 
| 237|0x0000000718700000, 0x0000000718800000, 0x0000000718800000|100%| E|CS|TAMS 0x0000000718700000, 0x0000000718800000| Complete 
| 238|0x0000000718800000, 0x0000000718900000, 0x0000000718900000|100%| E|CS|TAMS 0x0000000718800000, 0x0000000718900000| Complete 
| 239|0x0000000718900000, 0x0000000718a00000, 0x0000000718a00000|100%| E|CS|TAMS 0x0000000718900000, 0x0000000718a00000| Complete 
| 240|0x0000000718a00000, 0x0000000718b00000, 0x0000000718b00000|100%| E|CS|TAMS 0x0000000718a00000, 0x0000000718b00000| Complete 
| 241|0x0000000718b00000, 0x0000000718c00000, 0x0000000718c00000|100%| E|CS|TAMS 0x0000000718b00000, 0x0000000718c00000| Complete 
| 242|0x0000000718c00000, 0x0000000718d00000, 0x0000000718d00000|100%| E|CS|TAMS 0x0000000718c00000, 0x0000000718d00000| Complete 
| 243|0x0000000718d00000, 0x0000000718e00000, 0x0000000718e00000|100%| E|CS|TAMS 0x0000000718d00000, 0x0000000718e00000| Complete 
| 244|0x0000000718e00000, 0x0000000718f00000, 0x0000000718f00000|100%| E|CS|TAMS 0x0000000718e00000, 0x0000000718f00000| Complete 
| 245|0x0000000718f00000, 0x0000000719000000, 0x0000000719000000|100%| E|CS|TAMS 0x0000000718f00000, 0x0000000719000000| Complete 
| 246|0x0000000719000000, 0x0000000719100000, 0x0000000719100000|100%| E|CS|TAMS 0x0000000719000000, 0x0000000719100000| Complete 
| 247|0x0000000719100000, 0x0000000719200000, 0x0000000719200000|100%| E|CS|TAMS 0x0000000719100000, 0x0000000719200000| Complete 

Card table byte_map: [0x000001e5b1840000,0x000001e5b2000000] _byte_map_base: 0x000001e5adff3000

Marking Bits (Prev, Next): (CMBitMap*) 0x000001e5990088f0, (CMBitMap*) 0x000001e5990088b8
 Prev Bits: [0x000001e5b6560000, 0x000001e5ba2f8000)
 Next Bits: [0x000001e5b27c0000, 0x000001e5b6558000)

Polling page: 0x000001e597960000

Metaspace:

Usage:
  Non-class:     30.32 MB capacity,    29.74 MB ( 98%) used,   471.27 KB (  2%) free+waste,   125.50 KB ( <1%) overhead. 
      Class:      4.60 MB capacity,     4.19 MB ( 91%) used,   357.27 KB (  8%) free+waste,    62.31 KB (  1%) overhead. 
       Both:     34.92 MB capacity,    33.93 MB ( 97%) used,   828.55 KB (  2%) free+waste,   187.81 KB ( <1%) overhead. 

Virtual space:
  Non-class space:       32.00 MB reserved,      30.38 MB ( 95%) committed 
      Class space:        1.00 GB reserved,       4.63 MB ( <1%) committed 
             Both:        1.03 GB reserved,      35.00 MB (  3%) committed 

Chunk freelists:
   Non-Class:  56.00 KB
       Class:  28.00 KB
        Both:  84.00 KB

MaxMetaspaceSize: 17179869184.00 GB
CompressedClassSpaceSize: 1.00 GB

CodeHeap 'non-profiled nmethods': size=120000Kb used=1573Kb max_used=1573Kb free=118426Kb
 bounds [0x000001e5a90c0000, 0x000001e5a9330000, 0x000001e5b05f0000]
CodeHeap 'profiled nmethods': size=120000Kb used=6612Kb max_used=6612Kb free=113387Kb
 bounds [0x000001e5a1b90000, 0x000001e5a2210000, 0x000001e5a90c0000]
CodeHeap 'non-nmethods': size=5760Kb used=1163Kb max_used=1207Kb free=4596Kb
 bounds [0x000001e5a15f0000, 0x000001e5a1860000, 0x000001e5a1b90000]
 total_blobs=4479 nmethods=2930 adapters=381
 compilation: enabled
              stopped_count=0, restarted_count=0
 full_count=0

Compilation events (20 events):
Event: 1.883 Thread 0x000001e5bd796800 3021       1       net.bytebuddy.description.method.ParameterDescription$Token::getName (5 bytes)
Event: 1.883 Thread 0x000001e5bd796800 nmethod 3021 0x000001e5a9248c90 code [0x000001e5a9248e40, 0x000001e5a9248f58]
Event: 1.883 Thread 0x000001e5bd796800 3022       1       net.bytebuddy.description.method.ParameterDescription$Token::getModifiers (5 bytes)
Event: 1.883 Thread 0x000001e5bd796800 nmethod 3022 0x000001e5a9249010 code [0x000001e5a92491c0, 0x000001e5a92492d8]
Event: 1.883 Thread 0x000001e5bd796800 3027       1       net.bytebuddy.description.method.MethodDescription$Latent::getInternalName (5 bytes)
Event: 1.883 Thread 0x000001e5bd796800 nmethod 3027 0x000001e5a9249390 code [0x000001e5a9249540, 0x000001e5a9249658]
Event: 1.886 Thread 0x000001e5bd796800 3030       3       net.bytebuddy.description.method.ParameterDescription$Latent::getDeclaringMethod (5 bytes)
Event: 1.886 Thread 0x000001e5bd796800 nmethod 3030 0x000001e5a2201810 code [0x000001e5a22019c0, 0x000001e5a2201b38]
Event: 1.886 Thread 0x000001e5bd796800 3031       3       net.bytebuddy.description.type.TypeList$Explicit::get (6 bytes)
Event: 1.886 Thread 0x000001e5bd796800 nmethod 3031 0x000001e5a2201c10 code [0x000001e5a2201de0, 0x000001e5a2202190]
Event: 1.886 Thread 0x000001e5bd796800 3032       3       net.bytebuddy.description.type.TypeList$Explicit::get (14 bytes)
Event: 1.886 Thread 0x000001e5bd796800 nmethod 3032 0x000001e5a2202290 code [0x000001e5a2202460, 0x000001e5a22027b0]
Event: 1.886 Thread 0x000001e5bd796800 3029       3       net.bytebuddy.description.method.ParameterList$ForTokens::size (10 bytes)
Event: 1.886 Thread 0x000001e5bd796800 nmethod 3029 0x000001e5a2202890 code [0x000001e5a2202a60, 0x000001e5a2202c90]
Event: 1.886 Thread 0x000001e5bd796800 3028       3       java.util.AbstractList::subListRangeCheck (110 bytes)
Event: 1.887 Thread 0x000001e5bd796800 nmethod 3028 0x000001e5a2202d90 code [0x000001e5a22031c0, 0x000001e5a2204bf0]
Event: 1.897 Thread 0x000001e5bd796800 3033       3       net.bytebuddy.description.type.TypeDescription$Generic$Visitor$Substitutor::onNonGenericType (41 bytes)
Event: 1.897 Thread 0x000001e5bd796800 nmethod 3033 0x000001e5a2205490 code [0x000001e5a22056c0, 0x000001e5a2206020]
Event: 1.898 Thread 0x000001e5bd796800 3034       3       net.bytebuddy.description.type.TypeDescription$Generic$OfNonGenericType::isArray (10 bytes)
Event: 1.898 Thread 0x000001e5bd796800 nmethod 3034 0x000001e5a2206290 code [0x000001e5a2206460, 0x000001e5a2206760]

GC Heap History (7 events):
Event: 0.389 GC heap before
{Heap before GC invocations=0 (full 0):
 garbage-first heap   total 253952K, used 24576K [0x0000000709a00000, 0x0000000800000000)
  region size 1024K, 24 young (24576K), 0 survivors (0K)
 Metaspace       used 11330K, capacity 11612K, committed 11776K, reserved 1060864K
  class space    used 1092K, capacity 1184K, committed 1280K, reserved 1048576K
}
Event: 0.392 GC heap after
{Heap after GC invocations=1 (full 0):
 garbage-first heap   total 253952K, used 7938K [0x0000000709a00000, 0x0000000800000000)
  region size 1024K, 3 young (3072K), 3 survivors (3072K)
 Metaspace       used 11330K, capacity 11612K, committed 11776K, reserved 1060864K
  class space    used 1092K, capacity 1184K, committed 1280K, reserved 1048576K
}
Event: 0.662 GC heap before
{Heap before GC invocations=1 (full 0):
 garbage-first heap   total 253952K, used 37634K [0x0000000709a00000, 0x0000000800000000)
  region size 1024K, 32 young (32768K), 3 survivors (3072K)
 Metaspace       used 15702K, capacity 16204K, committed 16512K, reserved 1064960K
  class space    used 1642K, capacity 1850K, committed 1920K, reserved 1048576K
}
Event: 0.665 GC heap after
{Heap after GC invocations=2 (full 0):
 garbage-first heap   total 253952K, used 9109K [0x0000000709a00000, 0x0000000800000000)
  region size 1024K, 2 young (2048K), 2 survivors (2048K)
 Metaspace       used 15702K, capacity 16204K, committed 16512K, reserved 1064960K
  class space    used 1642K, capacity 1850K, committed 1920K, reserved 1048576K
}
Event: 0.973 GC heap before
{Heap before GC invocations=2 (full 0):
 garbage-first heap   total 253952K, used 45973K [0x0000000709a00000, 0x0000000800000000)
  region size 1024K, 39 young (39936K), 2 survivors (2048K)
 Metaspace       used 20548K, capacity 21172K, committed 21248K, reserved 1069056K
  class space    used 2266K, capacity 2531K, committed 2560K, reserved 1048576K
}
Event: 0.976 GC heap after
{Heap after GC invocations=3 (full 0):
 garbage-first heap   total 253952K, used 10297K [0x0000000709a00000, 0x0000000800000000)
  region size 1024K, 3 young (3072K), 3 survivors (3072K)
 Metaspace       used 20548K, capacity 21172K, committed 21248K, reserved 1069056K
  class space    used 2266K, capacity 2531K, committed 2560K, reserved 1048576K
}
Event: 1.901 GC heap before
{Heap before GC invocations=4 (full 0):
 garbage-first heap   total 253952K, used 122937K [0x0000000709a00000, 0x0000000800000000)
  region size 1024K, 114 young (116736K), 3 survivors (3072K)
 Metaspace       used 34739K, capacity 35756K, committed 35840K, reserved 1081344K
  class space    used 4288K, capacity 4708K, committed 4736K, reserved 1048576K
}

Deoptimization events (20 events):
Event: 1.416 Thread 0x000001e598fa5800 DEOPT PACKING pc=0x000001e5a20863c5 sp=0x00000078a82fbb80
Event: 1.416 Thread 0x000001e598fa5800 DEOPT UNPACKING pc=0x000001e5a161a75e sp=0x00000078a82fb058 mode 0
Event: 1.416 Thread 0x000001e598fa5800 DEOPT PACKING pc=0x000001e5a20863c5 sp=0x00000078a82fbb80
Event: 1.416 Thread 0x000001e598fa5800 DEOPT UNPACKING pc=0x000001e5a161a75e sp=0x00000078a82fb058 mode 0
Event: 1.579 Thread 0x000001e598fa5800 Uncommon trap: trap_request=0xffffff4d fr.pc=0x000001e5a9189028 relative=0x0000000000000108
Event: 1.579 Thread 0x000001e598fa5800 Uncommon trap: reason=unstable_if action=reinterpret pc=0x000001e5a9189028 method=java.util.Arrays.equals([Ljava/lang/Object;[Ljava/lang/Object;)Z @ 44 c2
Event: 1.579 Thread 0x000001e598fa5800 DEOPT PACKING pc=0x000001e5a9189028 sp=0x00000078a82fb780
Event: 1.579 Thread 0x000001e598fa5800 DEOPT UNPACKING pc=0x000001e5a15f822f sp=0x00000078a82fb720 mode 2
Event: 1.622 Thread 0x000001e598fa5800 Uncommon trap: trap_request=0xffffffcc fr.pc=0x000001e5a9218680 relative=0x00000000000002c0
Event: 1.622 Thread 0x000001e598fa5800 Uncommon trap: reason=intrinsic_or_type_checked_inlining action=make_not_entrant pc=0x000001e5a9218680 method=java.util.Arrays.copyOf([Ljava/lang/Object;ILjava/lang/Class;)[Ljava/lang/Object; @ 35 c2
Event: 1.622 Thread 0x000001e598fa5800 DEOPT PACKING pc=0x000001e5a9218680 sp=0x00000078a82fb8b0
Event: 1.622 Thread 0x000001e598fa5800 DEOPT UNPACKING pc=0x000001e5a15f822f sp=0x00000078a82fb840 mode 2
Event: 1.734 Thread 0x000001e598fa5800 Uncommon trap: trap_request=0xffffff4d fr.pc=0x000001e5a922a4f0 relative=0x0000000000000690
Event: 1.734 Thread 0x000001e598fa5800 Uncommon trap: reason=unstable_if action=reinterpret pc=0x000001e5a922a4f0 method=org.springframework.beans.factory.support.AbstractBeanFactory.getMergedLocalBeanDefinition(Ljava/lang/String;)Lorg/springframework/beans/factory/support/RootBeanDefinition; 
Event: 1.734 Thread 0x000001e598fa5800 DEOPT PACKING pc=0x000001e5a922a4f0 sp=0x00000078a82fc690
Event: 1.734 Thread 0x000001e598fa5800 DEOPT UNPACKING pc=0x000001e5a15f822f sp=0x00000078a82fc658 mode 2
Event: 1.738 Thread 0x000001e598fa5800 Uncommon trap: trap_request=0xffffff4d fr.pc=0x000001e5a91e735c relative=0x000000000000071c
Event: 1.738 Thread 0x000001e598fa5800 Uncommon trap: reason=unstable_if action=reinterpret pc=0x000001e5a91e735c method=org.springframework.util.ConcurrentReferenceHashMap$Segment.findInChain(Lorg/springframework/util/ConcurrentReferenceHashMap$Reference;Ljava/lang/Object;I)Lorg/springframewo
Event: 1.738 Thread 0x000001e598fa5800 DEOPT PACKING pc=0x000001e5a91e735c sp=0x00000078a82fc120
Event: 1.738 Thread 0x000001e598fa5800 DEOPT UNPACKING pc=0x000001e5a15f822f sp=0x00000078a82fc0c8 mode 2

Classes redefined (0 events):
No events

Internal exceptions (20 events):
Event: 1.296 Thread 0x000001e598fa5800 Exception <a 'java/lang/ClassNotFoundException'{0x00000007163d8100}: org/springframework/beans/factory/support/BeanDefinitionRegistryPostProcessorCustomizer> (0x00000007163d8100) thrown at [c:/cygwin64/tmp/ojdkbuild/lookaside/java-11-openjdk/src/hotspot/s
Event: 1.296 Thread 0x000001e598fa5800 Exception <a 'java/lang/ClassNotFoundException'{0x00000007163f26a8}: org/springframework/beans/factory/config/BeanFactoryPostProcessorCustomizer> (0x00000007163f26a8) thrown at [c:/cygwin64/tmp/ojdkbuild/lookaside/java-11-openjdk/src/hotspot/share/classfi
Event: 1.297 Thread 0x000001e598fa5800 Exception <a 'java/lang/ClassNotFoundException'{0x0000000716208580}: org/springframework/core/PriorityOrderedCustomizer> (0x0000000716208580) thrown at [c:/cygwin64/tmp/ojdkbuild/lookaside/java-11-openjdk/src/hotspot/share/classfile/systemDictionary.cpp, 
Event: 1.297 Thread 0x000001e598fa5800 Exception <a 'java/lang/ClassNotFoundException'{0x000000071621b6b8}: org/springframework/core/OrderedCustomizer> (0x000000071621b6b8) thrown at [c:/cygwin64/tmp/ojdkbuild/lookaside/java-11-openjdk/src/hotspot/share/classfile/systemDictionary.cpp, line 231
Event: 1.297 Thread 0x000001e598fa5800 Exception <a 'java/lang/ClassNotFoundException'{0x0000000716232018}: org/springframework/context/ResourceLoaderAwareCustomizer> (0x0000000716232018) thrown at [c:/cygwin64/tmp/ojdkbuild/lookaside/java-11-openjdk/src/hotspot/share/classfile/systemDictionar
Event: 1.298 Thread 0x000001e598fa5800 Exception <a 'java/lang/ClassNotFoundException'{0x0000000716247470}: org/springframework/beans/factory/AwareCustomizer> (0x0000000716247470) thrown at [c:/cygwin64/tmp/ojdkbuild/lookaside/java-11-openjdk/src/hotspot/share/classfile/systemDictionary.cpp, l
Event: 1.298 Thread 0x000001e598fa5800 Exception <a 'java/lang/ClassNotFoundException'{0x000000071625de50}: org/springframework/context/ApplicationStartupAwareCustomizer> (0x000000071625de50) thrown at [c:/cygwin64/tmp/ojdkbuild/lookaside/java-11-openjdk/src/hotspot/share/classfile/systemDicti
Event: 1.298 Thread 0x000001e598fa5800 Exception <a 'java/lang/ClassNotFoundException'{0x0000000716273520}: org/springframework/beans/factory/AwareCustomizer> (0x0000000716273520) thrown at [c:/cygwin64/tmp/ojdkbuild/lookaside/java-11-openjdk/src/hotspot/share/classfile/systemDictionary.cpp, l
Event: 1.299 Thread 0x000001e598fa5800 Exception <a 'java/lang/ClassNotFoundException'{0x000000071610a2c8}: org/springframework/beans/factory/BeanClassLoaderAwareCustomizer> (0x000000071610a2c8) thrown at [c:/cygwin64/tmp/ojdkbuild/lookaside/java-11-openjdk/src/hotspot/share/classfile/systemDi
Event: 1.299 Thread 0x000001e598fa5800 Exception <a 'java/lang/ClassNotFoundException'{0x000000071611f738}: org/springframework/beans/factory/AwareCustomizer> (0x000000071611f738) thrown at [c:/cygwin64/tmp/ojdkbuild/lookaside/java-11-openjdk/src/hotspot/share/classfile/systemDictionary.cpp, l
Event: 1.299 Thread 0x000001e598fa5800 Exception <a 'java/lang/ClassNotFoundException'{0x0000000716134dc0}: org/springframework/context/EnvironmentAwareCustomizer> (0x0000000716134dc0) thrown at [c:/cygwin64/tmp/ojdkbuild/lookaside/java-11-openjdk/src/hotspot/share/classfile/systemDictionary.c
Event: 1.300 Thread 0x000001e598fa5800 Exception <a 'java/lang/ClassNotFoundException'{0x000000071614a1a8}: org/springframework/beans/factory/AwareCustomizer> (0x000000071614a1a8) thrown at [c:/cygwin64/tmp/ojdkbuild/lookaside/java-11-openjdk/src/hotspot/share/classfile/systemDictionary.cpp, l
Event: 1.341 Thread 0x000001e5bedba800 Exception <a 'java/lang/NoSuchMethodError'{0x0000000715977b40}: 'long java.lang.invoke.DirectMethodHandle$Holder.invokeSpecial(java.lang.Object, java.lang.Object)'> (0x0000000715977b40) thrown at [c:/cygwin64/tmp/ojdkbuild/lookaside/java-11-openjdk/src/ho
Event: 1.342 Thread 0x000001e5bedba800 Exception <a 'java/lang/NoSuchMethodError'{0x0000000715801b40}: 'long java.lang.invoke.DirectMethodHandle$Holder.invokeStatic(java.lang.Object, java.lang.Object)'> (0x0000000715801b40) thrown at [c:/cygwin64/tmp/ojdkbuild/lookaside/java-11-openjdk/src/hot
Event: 1.342 Thread 0x000001e5bedba800 Exception <a 'java/lang/NoSuchMethodError'{0x0000000715804968}: 'long java.lang.invoke.DirectMethodHandle$Holder.invokeStaticInit(java.lang.Object, java.lang.Object)'> (0x0000000715804968) thrown at [c:/cygwin64/tmp/ojdkbuild/lookaside/java-11-openjdk/src
Event: 1.344 Thread 0x000001e5bedba800 Exception <a 'java/lang/NoSuchMethodError'{0x0000000715810e28}: 'long java.lang.invoke.DirectMethodHandle$Holder.invokeInterface(java.lang.Object, java.lang.Object)'> (0x0000000715810e28) thrown at [c:/cygwin64/tmp/ojdkbuild/lookaside/java-11-openjdk/src/
Event: 1.344 Thread 0x000001e5bedba800 Exception <a 'java/lang/IncompatibleClassChangeError'{0x0000000715813bc0}: Found class java.lang.Object, but interface was expected> (0x0000000715813bc0) thrown at [c:/cygwin64/tmp/ojdkbuild/lookaside/java-11-openjdk/src/hotspot/share/interpreter/linkReso
Event: 1.351 Thread 0x000001e5bedba800 Exception <a 'java/lang/NoSuchMethodError'{0x00000007158db118}: 'java.lang.Object java.lang.invoke.DirectMethodHandle$Holder.invokeVirtual(java.lang.Object, java.lang.Object, java.lang.Object, java.lang.Object)'> (0x00000007158db118) thrown at [c:/cygwin6
Event: 1.392 Thread 0x000001e598fa5800 Exception <a 'java/lang/IncompatibleClassChangeError'{0x000000071520ef78}: Found class java.lang.Object, but interface was expected> (0x000000071520ef78) thrown at [c:/cygwin64/tmp/ojdkbuild/lookaside/java-11-openjdk/src/hotspot/share/interpreter/linkReso
Event: 1.786 Thread 0x000001e598fa5800 Exception <a 'java/lang/NoSuchMethodError'{0x0000000712c49e18}: 'int java.lang.invoke.DirectMethodHandle$Holder.invokeStaticInit(java.lang.Object, java.lang.Object, java.lang.Object, java.lang.Object)'> (0x0000000712c49e18) thrown at [c:/cygwin64/tmp/ojdk

Events (20 events):
Event: 1.898 loading class net/bytebuddy/implementation/attribute/AnnotationAppender$Target$OnMethodParameter done
Event: 1.898 loading class net/bytebuddy/description/type/TypeDescription$Generic$OfParameterizedType$ForGenerifiedErasure
Event: 1.898 loading class net/bytebuddy/description/type/TypeDescription$Generic$OfParameterizedType$ForGenerifiedErasure done
Event: 1.898 loading class net/bytebuddy/description/type/TypeDescription$Generic$OfNonGenericType$ForErasure
Event: 1.898 loading class net/bytebuddy/description/type/TypeDescription$Generic$OfNonGenericType$ForErasure done
Event: 1.899 loading class net/bytebuddy/implementation/MethodCall$TargetHandler$ForMethodParameter$Resolved
Event: 1.899 loading class net/bytebuddy/implementation/MethodCall$TargetHandler$ForMethodParameter$Resolved done
Event: 1.899 loading class net/bytebuddy/implementation/bytecode/ByteCodeAppender$Size
Event: 1.899 loading class net/bytebuddy/implementation/bytecode/ByteCodeAppender$Size done
Event: 1.899 loading class net/bytebuddy/implementation/bytecode/StackManipulation$Compound
Event: 1.899 loading class net/bytebuddy/implementation/bytecode/StackManipulation$Compound done
Event: 1.899 loading class net/bytebuddy/implementation/MethodCall$ArgumentLoader$ForMethodParameter
Event: 1.899 loading class net/bytebuddy/implementation/MethodCall$ArgumentLoader$ForMethodParameter done
Event: 1.900 loading class net/bytebuddy/implementation/bytecode/member/MethodVariableAccess
Event: 1.900 loading class net/bytebuddy/implementation/bytecode/member/MethodVariableAccess done
Event: 1.900 loading class net/bytebuddy/implementation/bytecode/member/MethodVariableAccess$MethodLoading$TypeCastingHandler
Event: 1.900 loading class net/bytebuddy/implementation/bytecode/member/MethodVariableAccess$MethodLoading$TypeCastingHandler done
Event: 1.900 loading class net/bytebuddy/implementation/bytecode/member/MethodVariableAccess$OffsetLoading
Event: 1.900 loading class net/bytebuddy/implementation/bytecode/member/MethodVariableAccess$OffsetLoading done
Event: 1.900 Executing VM operation: CollectForMetadataAllocation


Dynamic libraries:
0x00007ff686740000 - 0x00007ff6867a2000 	C:\Program Files\RedHat\java-11-openjdk-11.0.5-2\bin\java.exe
0x00007ff9654d0000 - 0x00007ff9656c5000 	C:\Windows\SYSTEM32\ntdll.dll
0x00007ff965190000 - 0x00007ff96524d000 	C:\Windows\System32\KERNEL32.DLL
0x00007ff962be0000 - 0x00007ff962ead000 	C:\Windows\System32\KERNELBASE.dll
0x00007ff963030000 - 0x00007ff963130000 	C:\Windows\System32\ucrtbase.dll
0x00007ff960de0000 - 0x00007ff960df8000 	C:\Program Files\RedHat\java-11-openjdk-11.0.5-2\bin\jli.dll
0x00007ff95d550000 - 0x00007ff95d565000 	C:\Program Files\RedHat\java-11-openjdk-11.0.5-2\bin\VCRUNTIME140.dll
0x00007ff964230000 - 0x00007ff9643d0000 	C:\Windows\System32\USER32.dll
0x00007ff9620e0000 - 0x00007ff96237a000 	C:\Windows\WinSxS\amd64_microsoft.windows.common-controls_6595b64144ccf1df_6.0.19041.1110_none_60b5254171f9507e\COMCTL32.dll
0x00007ff963290000 - 0x00007ff9632b2000 	C:\Windows\System32\win32u.dll
0x00007ff963840000 - 0x00007ff9638de000 	C:\Windows\System32\msvcrt.dll
0x00007ff963b70000 - 0x00007ff963b9a000 	C:\Windows\System32\GDI32.dll
0x00007ff962f20000 - 0x00007ff96302b000 	C:\Windows\System32\gdi32full.dll
0x00007ff9633f0000 - 0x00007ff96348d000 	C:\Windows\System32\msvcp_win.dll
0x00007ff965160000 - 0x00007ff965190000 	C:\Windows\System32\IMM32.DLL
0x00007ff920590000 - 0x00007ff92062b000 	C:\Program Files\RedHat\java-11-openjdk-11.0.5-2\bin\msvcp140.dll
0x00007ff8f2980000 - 0x00007ff8f34c1000 	C:\Program Files\RedHat\java-11-openjdk-11.0.5-2\bin\server\jvm.dll
0x00007ff963a10000 - 0x00007ff963abe000 	C:\Windows\System32\ADVAPI32.dll
0x00007ff963650000 - 0x00007ff9636ec000 	C:\Windows\System32\sechost.dll
0x00007ff963520000 - 0x00007ff963645000 	C:\Windows\System32\RPCRT4.dll
0x00007ff9643e0000 - 0x00007ff9643e8000 	C:\Windows\System32\PSAPI.DLL
0x00007ff9444c0000 - 0x00007ff9444e7000 	C:\Windows\SYSTEM32\WINMM.dll
0x00007ff95a9c0000 - 0x00007ff95a9c9000 	C:\Windows\SYSTEM32\WSOCK32.dll
0x00007ff960520000 - 0x00007ff96052a000 	C:\Windows\SYSTEM32\VERSION.dll
0x00007ff9637d0000 - 0x00007ff96383b000 	C:\Windows\System32\WS2_32.dll
0x00007ff960540000 - 0x00007ff960552000 	C:\Windows\SYSTEM32\kernel.appcore.dll
0x00007ff960fd0000 - 0x00007ff960fe0000 	C:\Program Files\RedHat\java-11-openjdk-11.0.5-2\bin\verify.dll
0x00007ff962590000 - 0x00007ff962774000 	C:\Windows\SYSTEM32\DBGHELP.DLL
0x00007ff962560000 - 0x00007ff96258c000 	C:\Windows\SYSTEM32\dbgcore.DLL
0x00007ff963490000 - 0x00007ff963512000 	C:\Windows\System32\bcryptPrimitives.dll
0x00007ff95b4f0000 - 0x00007ff95b518000 	C:\Program Files\RedHat\java-11-openjdk-11.0.5-2\bin\java.dll
0x00007ff95a9e0000 - 0x00007ff95a9f7000 	C:\Program Files\RedHat\java-11-openjdk-11.0.5-2\bin\zip.dll
0x00007ff95f200000 - 0x00007ff95f20a000 	C:\Program Files\RedHat\java-11-openjdk-11.0.5-2\bin\jimage.dll
0x00007ff964a10000 - 0x00007ff965154000 	C:\Windows\System32\SHELL32.dll
0x00007ff95fd70000 - 0x00007ff960504000 	C:\Windows\SYSTEM32\windows.storage.dll
0x00007ff963eb0000 - 0x00007ff964204000 	C:\Windows\System32\combase.dll
0x00007ff961e10000 - 0x00007ff961e3c000 	C:\Windows\SYSTEM32\Wldp.dll
0x00007ff963d40000 - 0x00007ff963ded000 	C:\Windows\System32\SHCORE.dll
0x00007ff963df0000 - 0x00007ff963e45000 	C:\Windows\System32\shlwapi.dll
0x00007ff962b20000 - 0x00007ff962b3f000 	C:\Windows\SYSTEM32\profapi.dll
0x00007ff957be0000 - 0x00007ff957bf9000 	C:\Program Files\RedHat\java-11-openjdk-11.0.5-2\bin\net.dll
0x00007ff961530000 - 0x00007ff96163a000 	C:\Windows\SYSTEM32\WINHTTP.dll
0x00007ff961bf0000 - 0x00007ff961c5a000 	C:\Windows\system32\mswsock.dll
0x00007ff957bc0000 - 0x00007ff957bd3000 	C:\Program Files\RedHat\java-11-openjdk-11.0.5-2\bin\nio.dll
0x00007ff957b70000 - 0x00007ff957b79000 	C:\Program Files\RedHat\java-11-openjdk-11.0.5-2\bin\management.dll
0x00007ff945600000 - 0x00007ff94560b000 	C:\Program Files\RedHat\java-11-openjdk-11.0.5-2\bin\management_ext.dll
0x00007ff9595f0000 - 0x00007ff959607000 	C:\Windows\system32\napinsp.dll
0x00007ff95ae50000 - 0x00007ff95ae6b000 	C:\Windows\system32\pnrpnsp.dll
0x00007ff95c7e0000 - 0x00007ff95c7f5000 	C:\Windows\system32\wshbth.dll
0x00007ff95d530000 - 0x00007ff95d54d000 	C:\Windows\system32\NLAapi.dll
0x00007ff961900000 - 0x00007ff96193b000 	C:\Windows\SYSTEM32\IPHLPAPI.DLL
0x00007ff961940000 - 0x00007ff961a0b000 	C:\Windows\SYSTEM32\DNSAPI.dll
0x00007ff964a00000 - 0x00007ff964a08000 	C:\Windows\System32\NSI.dll
0x00007ff95b340000 - 0x00007ff95b352000 	C:\Windows\System32\winrnr.dll
0x00007ff959950000 - 0x00007ff95995a000 	C:\Windows\System32\rasadhlp.dll
0x00007ff95bd90000 - 0x00007ff95be10000 	C:\Windows\System32\fwpuclnt.dll
0x00007ff9632c0000 - 0x00007ff9632e7000 	C:\Windows\System32\bcrypt.dll

dbghelp: loaded successfully - version: 4.0.5 - missing functions: none
symbol engine: initialized successfully - sym options: 0x614 - pdb path: .;C:\Program Files\RedHat\java-11-openjdk-11.0.5-2\bin;C:\Windows\SYSTEM32;C:\Windows\WinSxS\amd64_microsoft.windows.common-controls_6595b64144ccf1df_6.0.19041.1110_none_60b5254171f9507e;C:\Program Files\RedHat\java-11-openjdk-11.0.5-2\bin\server

VM Arguments:
java_command: C:\Users\AYUSHS~1\AppData\Local\Temp\surefire11589015823677045298\surefirebooter794539669412916445.jar C:\Users\ayushsingh02\AppData\Local\Temp\surefire11589015823677045298 2022-06-20T21-47-35_103-jvmRun1 surefire9407950204755708834tmp surefire_017455583056952693682tmp
java_class_path (initial): C:\Users\AYUSHS~1\AppData\Local\Temp\surefire11589015823677045298\surefirebooter794539669412916445.jar
Launcher Type: SUN_STANDARD

[Global flags]
     intx CICompilerCount                          = 4                                         {product} {ergonomic}
     uint ConcGCThreads                            = 2                                         {product} {ergonomic}
     uint G1ConcRefinementThreads                  = 8                                         {product} {ergonomic}
   size_t G1HeapRegionSize                         = 1048576                                   {product} {ergonomic}
    uintx GCDrainStackTargetSize                   = 64                                        {product} {ergonomic}
   size_t InitialHeapSize                          = 260046848                                 {product} {ergonomic}
   size_t MarkStackSize                            = 4194304                                   {product} {ergonomic}
   size_t MaxHeapSize                              = 4133486592                                {product} {ergonomic}
   size_t MaxNewSize                               = 2479882240                                {product} {ergonomic}
   size_t MinHeapDeltaBytes                        = 1048576                                   {product} {ergonomic}
    uintx NonNMethodCodeHeapSize                   = 5836300                                {pd product} {ergonomic}
    uintx NonProfiledCodeHeapSize                  = 122910970                              {pd product} {ergonomic}
    uintx ProfiledCodeHeapSize                     = 122910970                              {pd product} {ergonomic}
    uintx ReservedCodeCacheSize                    = 251658240                              {pd product} {ergonomic}
     bool SegmentedCodeCache                       = true                                      {product} {ergonomic}
     bool UseCompressedClassPointers               = true                                 {lp64_product} {ergonomic}
     bool UseCompressedOops                        = true                                 {lp64_product} {ergonomic}
     bool UseG1GC                                  = true                                      {product} {ergonomic}
     bool UseLargePagesIndividualAllocation        = false                                  {pd product} {ergonomic}

Logging:
Log output configuration:
 #0: stdout all=warning uptime,level,tags
 #1: stderr all=off uptime,level,tags

Environment Variables:
PATH=C:\Windows\system32;C:\Windows;C:\Windows\System32\Wbem;C:\Windows\System32\WindowsPowerShell\v1.0\;C:\Windows\System32\OpenSSH\;C:\Program Files\TortoiseSVN\bin;C:\Program Files\dotnet\;C:\Program Files\RedHat\java-11-openjdk-11.0.5-2\bin;C:\Program Files\TortoiseGit\bin;C:\Program Files\Git\cmd;C:\Program Files\apache-maven-3.8.6-bin\apache-maven-3.8.6\bin;C:\Users\ayushsingh02\AppData\Local\Microsoft\WindowsApps;
USERNAME=ayushsingh02
OS=Windows_NT
PROCESSOR_IDENTIFIER=Intel64 Family 6 Model 140 Stepping 1, GenuineIntel



---------------  S Y S T E M  ---------------

OS: Windows 10 , 64 bit Build 19041 (10.0.19041.1706)
HyperV virtualization detected

CPU:total 8 (initial active 8) (4 cores per cpu, 2 threads per core) family 6 model 140 stepping 1, cmov, cx8, fxsr, mmx, sse, sse2, sse3, ssse3, sse4.1, sse4.2, popcnt, avx, avx2, aes, clmul, erms, 3dnowpref, lzcnt, ht, tsc, tscinvbit, bmi1, bmi2, adx, evex, sha, fma

Memory: 4k page, system-wide physical 15761M (1655M free)
TotalPageFile size 24527M (AvailPageFile size 3833M)
current process WorkingSet (physical memory assigned to process): 257M, peak: 257M
current process commit charge ("private bytes"): 424M, peak: 431M

vm_info: OpenJDK 64-Bit Server VM (11.0.5+10-LTS) for windows-amd64 JRE (11.0.5+10-LTS), built on Nov  8 2019 01:41:57 by "" with unknown MS VC++:1916

END.
